 cycle    n_walkers   left-most bin  right-most bin   flux
   0         20           18             21           0.00000000
   1         35           16             22           0.00000000
   2         45           13             22           0.00000000
   3         50           11             22           0.00000000
   4         60            9             22           0.00000000
   5         70            9             22           0.00000000
   6         70            9             22           0.00000000
   7         70            9             22           0.00000000
   8         65            9             22           0.00000000
   9         70            9             22           0.00000000
  10         70            9             22           0.00000000
  11         70            2             22           0.00000000
  12         80            2             22           0.00000000
  13         85            1             22           0.00002354
  14         80            1             22           0.00000942
  15         85            1             22           0.00000000
  16         80            1             22           0.00158191
  17         80            1             22           0.00028893
  18         80            1             22           0.00005779
  19         85            1             22           0.00000000
  20         85            1             22           0.00015201
  21         85            1             22           0.00000000
  22         90            1             22           0.00061204
  23         85            1             22           0.00024856
  24         75            1             22           0.00000696
  25         80            1             22           0.00000000
  26         80            1             22           0.00001340
  27         85            1             22           0.00000000
  28         85            1             22           0.00000000
  29         90            1             22           0.00003843
  30         85            1             22           0.00000000
  31         80            1             22           0.00000000
  32         85            1             22           0.00011633
  33         80            1             22           0.00000000
  34         85            1             22           0.00000000
  35         85            1             22           0.00001393
  36         80            1             22           0.00000000
  37         80            1             22           0.00000000
  38         80            1             22           0.00027701
  39         80            1             22           0.00028743
  40         90            1             22           0.00164460
  41         85            1             22           0.00018635
  42         85            1             22           0.00001981
  43         75            1             22           0.00000000
  44         80            1             22           0.00002207
  45         80            1             22           0.00018958
  46         90            1             22           0.00000000
  47         90            1             22           0.00000000
  48         85            1             22           0.00174381
  49         85            1             22           0.00003541
  50         85            1             22           0.00000000
  51         95            1             22           0.00000000
  52         85            1             22           0.00000000
  53         85            1             22           0.00000000
  54         85            1             22           0.00077454
  55         80            1             22           0.00036977
  56         85            1             22           0.00000000
  57         90            1             22           0.00016701
  58         85            1             22           0.00000267
  59         80            1             22           0.00000843
  60         95            1             22           0.00010714
  61         95            1             22           0.00000000
  62         90            1             22           0.00003936
  63         80            1             22           0.00110293
  64         85            1             22           0.00191618
  65         80            1             22           0.00011266
  66         80            1             22           0.00000000
  67         90            1             22           0.00030096
  68         70            1             22           0.00011266
  69         75            1             22           0.00022367
  70         85            1             22           0.00000000
  71         80            1             22           0.00000000
  72         95            1             22           0.00053513
  73         85            1             22           0.00047895
  74         80            1             22           0.00000000
  75         80            1             22           0.00000000
  76         90            1             22           0.00053879
  77         90            1             22           0.00000000
  78         95            1             22           0.00014865
  79        100            1             22           0.00049723
  80         85            1             22           0.00000000
  81         80            1             22           0.00006724
  82         80            1             22           0.00000000
  83         80            1             22           0.00015540
  84         85            1             22           0.00000000
  85         80            1             22           0.00005474
  86         75            1             22           0.00034733
  87         85            1             22           0.00015069
  88         90            1             22           0.00016178
  89         85            1             22           0.00008539
  90         90            1             22           0.00027627
  91         85            1             22           0.00011219
  92         80            1             22           0.00000000
  93         85            1             22           0.00008641
  94         85            1             22           0.00000000
  95         90            1             22           0.00000000
  96         80            1             22           0.00000000
  97         80            1             22           0.00040314
  98         80            1             22           0.00000000
  99         80            1             22           0.00009606
 100         95            1             22           0.00000000
 101         85            1             22           0.00000000
 102         85            1             22           0.00002718
 103         90            1             22           0.00000000
 104         80            1             22           0.00002108
 105         85            1             22           0.00000000
 106         85            1             22           0.00028186
 107         90            1             22           0.00040544
 108         85            1             22           0.00019730
 109         90            1             22           0.00000266
 110         85            1             22           0.00000000
 111         95            1             22           0.00000232
 112         95            1             22           0.00000000
 113         90            1             22           0.00063586
 114         90            1             22           0.00007386
 115         90            1             22           0.00000052
 116         85            1             22           0.00005490
 117         90            1             22           0.00001098
 118         95            1             22           0.00037163
 119         90            1             22           0.00000000
 120         80            1             22           0.00000000
 121         85            1             22           0.00000000
 122         85            1             22           0.00000000
 123         80            1             22           0.00000000
 124         80            1             22           0.00000000
 125         85            1             22           0.00006342
 126         90            1             22           0.00000634
 127         90            1             22           0.00022792
 128         80            1             22           0.00009651
 129         85            1             22           0.00000000
 130         90            1             22           0.00049996
 131         90            1             22           0.00000956
 132         90            1             22           0.00000000
 133         85            1             22           0.00001272
 134         85            1             22           0.00001246
 135         90            1             22           0.00000000
 136         85            1             22           0.00009747
 137         90            1             22           0.00000000
 138         80            1             22           0.00009936
 139         90            1             22           0.00004854
 140         85            1             22           0.00002743
 141         80            1             22           0.00005601
 142         80            1             22           0.00000000
 143         80            1             22           0.00005309
 144         80            1             22           0.00000000
 145         95            1             22           0.00000000
 146         85            1             22           0.00000956
 147         85            1             22           0.00000610
 148         80            1             22           0.00000006
 149         85            1             22           0.00000000
 150         90            1             22           0.00116521
 151         85            1             22           0.00000039
 152         85            1             22           0.00014376
 153         80            1             22           0.00000000
 154         75            1             22           0.00046335
 155         80            1             22           0.00000000
 156         80            1             22           0.00000000
 157         85            1             22           0.00000000
 158         90            1             22           0.00009308
 159         85            1             22           0.00005206
 160         90            1             22           0.00019424
 161         75            1             22           0.00000000
 162         85            1             22           0.00000000
 163         85            1             22           0.00000000
 164         90            1             22           0.00000000
 165         85            1             22           0.00009339
 166         85            1             22           0.00079779
 167         90            1             22           0.00042713
 168         90            1             22           0.00000000
 169         85            1             22           0.00001778
 170         90            1             22           0.00005619
 171         85            1             22           0.00017430
 172         90            1             22           0.00003420
 173         85            1             22           0.00000000
 174         90            1             22           0.00010643
 175         80            1             22           0.00000000
 176         85            1             22           0.00000000
 177         80            1             22           0.00086086
 178         90            1             22           0.00019627
 179         80            1             22           0.00000689
 180         85            1             22           0.00000000
 181         85            1             22           0.00000472
 182         90            1             22           0.00000000
 183         80            1             22           0.00000000
 184         80            1             22           0.00000000
 185         90            1             22           0.00000000
 186         85            1             22           0.00036496
 187         85            1             22           0.00000045
 188         80            1             22           0.00006513
 189         75            1             22           0.00002877
 190         85            1             22           0.00006709
 191         85            1             22           0.00000000
 192         85            1             22           0.00000000
 193         80            1             22           0.00000000
 194         85            1             22           0.00000000
 195         90            1             22           0.00000000
 196         80            1             22           0.00000373
 197         85            1             22           0.00005857
 198         80            1             22           0.00000000
 199         80            1             22           0.00000000
 200         80            1             22           0.00000000
 201         90            1             22           0.00000000
 202         85            1             22           0.00002354
 203         90            1             22           0.00000000
 204         90            1             22           0.00011518
 205         90            1             22           0.00000161
 206         85            1             22           0.00001123
 207         85            1             22           0.00000225
 208         80            1             22           0.00031253
 209         85            1             22           0.00000000
 210         85            1             22           0.00000000
 211         80            1             22           0.00002181
 212         90            1             22           0.00039148
 213         85            1             22           0.00008935
 214         80            1             22           0.00011376
 215         75            1             22           0.00000000
 216         90            1             22           0.00014265
 217         90            1             22           0.00004493
 218         85            1             22           0.00016145
 219         85            1             22           0.00000000
 220         85            1             22           0.00000000
 221         80            1             22           0.00002523
 222         80            1             22           0.00000000
 223         85            1             22           0.00000379
 224         85            1             22           0.00000000
 225         95            1             22           0.00000547
 226         85            1             22           0.00001124
 227         85            1             22           0.00000000
 228         90            1             22           0.00000000
 229         90            1             22           0.00001323
 230         85            1             22           0.00000351
 231         85            1             22           0.00001497
 232         80            1             22           0.00000496
 233         80            1             22           0.00000000
 234         85            1             22           0.00000000
 235         90            1             22           0.00000025
 236         85            1             22           0.00000103
 237         85            1             22           0.00000000
 238         90            1             22           0.00000107
 239         80            1             22           0.00001080
 240         70            1             22           0.00000000
 241         80            1             22           0.00008305
 242         80            1             22           0.00011906
 243         85            1             22           0.00001337
 244         85            1             22           0.00037468
 245         80            1             22           0.00016010
 246         80            1             22           0.00000000
 247         85            1             22           0.00000000
 248         85            1             22           0.00001077
 249         80            1             22           0.00018936
 250         85            1             22           0.00000000
 251         80            1             22           0.00000000
 252         80            1             22           0.00000000
 253         85            1             22           0.00007634
 254         75            1             22           0.00004554
 255         80            1             22           0.00000000
 256         80            1             22           0.00003845
 257         85            1             22           0.00000000
 258         80            1             22           0.00014582
 259         90            1             22           0.00000000
 260         85            1             22           0.00002239
 261         85            1             22           0.00004390
 262         90            1             22           0.00002702
 263         75            1             22           0.00001673
 264         75            1             22           0.00004641
 265         90            1             22           0.00001197
 266         85            1             22           0.00000000
 267         80            1             22           0.00001059
 268         80            1             22           0.00000000
 269         80            1             22           0.00001386
 270         95            1             22           0.00008474
 271         85            1             22           0.00003390
 272         90            1             22           0.00023159
 273         85            1             22           0.00005608
 274         80            1             22           0.00032312
 275         80            1             22           0.00000000
 276         85            1             22           0.00004519
 277         80            1             22           0.00018592
 278         85            1             22           0.00002464
 279         80            1             22           0.00000000
 280         85            1             22           0.00000000
 281         90            1             22           0.00002175
 282         80            1             22           0.00000000
 283         90            1             22           0.00000000
 284         85            1             22           0.00000000
 285         85            1             22           0.00000000
 286         80            1             22           0.00000000
 287         85            1             22           0.00000000
 288         95            1             22           0.00000978
 289         85            1             22           0.00003221
 290         85            1             22           0.00000196
 291         80            1             22           0.00000000
 292         95            1             22           0.00003125
 293         95            1             22           0.00002195
 294         75            1             22           0.00022207
 295         80            1             22           0.00000000
 296         90            1             22           0.00000000
 297         85            1             22           0.00018810
 298         80            1             22           0.00000766
 299         80            1             22           0.00033588
 300         90            1             22           0.00000000
 301         85            1             22           0.00000000
 302         85            1             22           0.00000000
 303         85            1             22           0.00000000
 304         85            1             22           0.00017992
 305         85            1             22           0.00000000
 306         90            1             22           0.00006435
 307         90            1             22           0.00012247
 308         90            1             22           0.00018801
 309         85            1             22           0.00000257
 310         85            1             22           0.00000730
 311         85            1             22           0.00017299
 312         90            1             22           0.00000000
 313         85            1             22           0.00000000
 314         85            1             22           0.00009854
 315         85            1             22           0.00011194
 316         75            1             22           0.00000000
 317         80            1             22           0.00000000
 318         85            1             22           0.00001436
 319         90            1             22           0.00000104
 320         95            1             22           0.00011806
 321         90            1             22           0.00000000
 322         85            1             22           0.00000000
 323         90            1             22           0.00003145
 324         85            1             22           0.00000788
 325         80            1             22           0.00000000
 326         85            1             22           0.00000000
 327         85            1             22           0.00000000
 328         85            1             22           0.00002634
 329         75            1             22           0.00003578
 330         80            1             22           0.00003919
 331         80            1             22           0.00002152
 332         80            1             22           0.00000000
 333         85            1             22           0.00000000
 334         90            1             22           0.00001337
 335         85            1             22           0.00000000
 336         90            1             22           0.00000000
 337         90            1             22           0.00001340
 338         85            1             22           0.00001001
 339         80            1             22           0.00000197
 340         80            1             22           0.00001036
 341         85            1             22           0.00000579
 342         90            1             22           0.00000071
 343         90            1             22           0.00000817
 344         80            1             22           0.00000043
 345         85            1             22           0.00000000
 346         95            1             22           0.00000326
 347         85            1             22           0.00000129
 348         85            1             22           0.00000000
 349         80            1             22           0.00000000
 350         90            1             22           0.00000049
 351         90            1             22           0.00000125
 352         80            1             22           0.00000070
 353         90            1             22           0.00000000
 354         85            1             22           0.00000010
 355         80            1             22           0.00000000
 356         80            1             22           0.00011119
 357         80            1             22           0.00005113
 358         85            1             22           0.00001026
 359         95            1             22           0.00002899
 360         85            1             22           0.00006048
 361         75            1             22           0.00000000
 362         85            1             22           0.00000000
 363         80            1             22           0.00017560
 364         85            1             22           0.00000000
 365         80            1             22           0.00003388
 366         75            1             22           0.00002786
 367         80            1             22           0.00000000
 368         80            1             22           0.00003695
 369         90            1             22           0.00000000
 370         85            1             22           0.00002671
 371         80            1             22           0.00000000
 372         80            1             22           0.00000000
 373         90            1             22           0.00000893
 374         80            1             22           0.00000000
 375         85            1             22           0.00026689
 376         80            1             22           0.00000000
 377         80            1             22           0.00000000
 378         75            1             22           0.00007454
 379         90            1             22           0.00000000
 380         85            1             22           0.00011014
 381         85            1             22           0.00000000
 382         80            1             22           0.00000000
 383         90            1             22           0.00003401
 384         80            1             22           0.00000000
 385         75            1             22           0.00000000
 386         75            1             22           0.00000000
 387         80            1             22           0.00003909
 388         85            1             22           0.00000000
 389         95            1             22           0.00000000
 390         80            1             22           0.00000744
 391         85            1             22           0.00019353
 392         85            1             22           0.00000000
 393         80            1             22           0.00000000
 394         90            1             22           0.00000000
 395         90            1             22           0.00006334
 396         85            1             22           0.00008178
 397         90            1             22           0.00000000
 398         85            1             22           0.00010631
 399         90            1             22           0.00028690
 400         80            1             22           0.00000002
 401         90            1             22           0.00000000
 402         85            1             22           0.00000000
 403         85            1             22           0.00017954
 404         85            1             22           0.00000000
 405         80            1             22           0.00055370
 406         90            1             22           0.00016346
 407         80            1             22           0.00014115
 408         85            1             22           0.00014291
 409         85            1             22           0.00000000
 410         80            1             22           0.00028594
 411         80            1             22           0.00000000
 412         80            1             22           0.00004245
 413         85            1             22           0.00000058
 414         85            1             22           0.00006189
 415         75            1             22           0.00000000
 416         90            1             22           0.00005652
 417         85            1             22           0.00000000
 418         90            1             22           0.00000424
 419         90            1             22           0.00000127
 420         80            1             22           0.00002109
 421         85            1             22           0.00000000
 422         80            1             22           0.00000000
 423         85            1             22           0.00000000
 424         90            1             22           0.00002183
 425         80            1             22           0.00001800
 426         85            1             22           0.00000000
 427         85            1             22           0.00000000
 428         90            1             22           0.00000000
 429         90            1             22           0.00000659
 430         95            1             22           0.00000000
 431         85            1             22           0.00000000
 432         85            1             22           0.00000000
 433         85            1             22           0.00014942
 434         90            1             22           0.00000000
 435         85            1             22           0.00031742
 436         85            1             22           0.00000000
 437         85            1             22           0.00000000
 438         90            1             22           0.00039795
 439         85            1             22           0.00000000
 440         85            1             22           0.00000000
 441         95            1             22           0.00000000
 442         90            1             22           0.00055601
 443         80            1             22           0.00002228
 444         85            1             22           0.00260652
 445         80            1             22           0.00000000
 446         80            1             22           0.00000000
 447         80            1             22           0.00000000
 448         80            1             22           0.00016456
 449         85            1             22           0.00000000
 450         85            1             22           0.00000000
 451         85            1             22           0.00021843
 452         90            1             22           0.00000000
 453         90            1             22           0.00000000
 454         85            1             22           0.00019668
 455         85            1             22           0.00000000
 456         85            1             22           0.00005870
 457         90            1             22           0.00018584
 458         90            1             22           0.00001797
 459         80            1             22           0.00016455
 460         85            1             22           0.00000000
 461         85            1             22           0.00004558
 462         85            1             22           0.00003284
 463         85            1             22           0.00016463
 464         85            1             22           0.00005666
 465         85            1             22           0.00002768
 466         80            1             22           0.00000000
 467         80            1             22           0.00009571
 468         75            1             22           0.00000000
 469         80            1             22           0.00000000
 470         80            1             22           0.00000000
 471         80            1             22           0.00000000
 472         85            1             22           0.00218577
 473         90            1             22           0.00062502
 474         80            1             22           0.00000000
 475         85            1             22           0.00001406
 476         85            1             22           0.00071122
 477         85            1             22           0.00000591
 478         90            1             22           0.00000000
 479         85            1             22           0.00005926
 480         85            1             22           0.00035360
 481         85            1             22           0.00001185
 482         85            1             22           0.00024841
 483         85            1             22           0.00000000
 484         85            1             22           0.00000000
 485         80            1             22           0.00039534
 486         85            1             22           0.00000000
 487         80            1             22           0.00027205
 488         80            1             22           0.00000000
 489         80            1             22           0.00000000
 490         80            1             22           0.00000081
 491         85            1             22           0.00069842
 492         80            1             22           0.00005140
 493         85            1             22           0.00000000
 494         85            1             22           0.00024809
 495         90            1             22           0.00000000
 496         90            1             22           0.00043268
 497         90            1             22           0.00000000
 498         85            1             22           0.00016138
 499         85            1             22           0.00000000
{1: 0.047532940379716664, 2: 0.7083601943070541, 3: 0.3724506830063573, 4: 0.08281640249440628, 5: 0.02625112098009037, 6: 0.03830377955126225, 7: 0.03176307162586797, 8: 0.12061763153016695, 9: 1.7152585106180958, 10: 5.380852511989058, 11: 6.888915977677027, 12: 4.350714766262894, 13: 11.12712074604622, 14: 15.602958610501508, 15: 17.92159687179252, 16: 21.425004370648395, 17: 23.25166120983618, 18: 27.116560291760905, 19: 32.1367581643599, 20: 33.204745475486256, 21: 33.5399287757126, 22: 542.9098278934351}
